Performing C SOURCE FILE Test CMAKE_HAVE_LIBC_PTHREAD failed with the following output:
Change Dir: /home/zampierilucas/CLionProjects/mmu_simulator/cmake-build-debug/CMakeFiles/CMakeTmp

Run Build Command(s):/usr/bin/make cmTC_e4376/fast && make[1]: Entrando no diretório '/home/zampierilucas/CLionProjects/mmu_simulator/cmake-build-debug/CMakeFiles/CMakeTmp'

/usr/bin/make  -f CMakeFiles/cmTC_e4376.dir/build.make CMakeFiles/cmTC_e4376.dir/build
make[2]: Entrando no diretório '/home/zampierilucas/CLionProjects/mmu_simulator/cmake-build-debug/CMakeFiles/CMakeTmp'

Building C object CMakeFiles/cmTC_e4376.dir/src.c.o
/usr/bin/cc   -DCMAKE_HAVE_LIBC_PTHREAD   -std=gnu99 -o CMakeFiles/cmTC_e4376.dir/src.c.o   -c /home/zampierilucas/CLionProjects/mmu_simulator/cmake-build-debug/CMakeFiles/CMakeTmp/src.c
Linking C executable cmTC_e4376
/opt/clion/bin/cmake/linux/bin/cmake -E cmake_link_script CMakeFiles/cmTC_e4376.dir/link.txt --verbose=1
/usr/bin/cc  -DCMAKE_HAVE_LIBC_PTHREAD    CMakeFiles/cmTC_e4376.dir/src.c.o  -o cmTC_e4376 
/usr/bin/ld: CMakeFiles/cmTC_e4376.dir/src.c.o: na função "main":
src.c:(.text+0x3e): referência não definida para "pthread_create"
/usr/bin/ld: src.c:(.text+0x4a): referência não definida para "pthread_detach"
/usr/bin/ld: src.c:(.text+0x56): referência não definida para "pthread_cancel"
/usr/bin/ld: src.c:(.text+0x67): referência não definida para "pthread_join"
collect2: error: ld returned 1 exit status
make[2]: *** [CMakeFiles/cmTC_e4376.dir/build.make:107: cmTC_e4376] Erro 1
make[2]: Saindo do diretório '/home/zampierilucas/CLionProjects/mmu_simulator/cmake-build-debug/CMakeFiles/CMakeTmp'

make[1]: *** [Makefile:141: cmTC_e4376/fast] Erro 2
make[1]: Saindo do diretório '/home/zampierilucas/CLionProjects/mmu_simulator/cmake-build-debug/CMakeFiles/CMakeTmp'



Source file was:
#include <pthread.h>

void* test_func(void* data)
{
  return data;
}

int main(void)
{
  pthread_t thread;
  pthread_create(&thread, NULL, test_func, NULL);
  pthread_detach(thread);
  pthread_cancel(thread);
  pthread_join(thread, NULL);
  pthread_atfork(NULL, NULL, NULL);
  pthread_exit(NULL);

  return 0;
}

Determining if the function pthread_create exists in the pthreads failed with the following output:
Change Dir: /home/zampierilucas/CLionProjects/mmu_simulator/cmake-build-debug/CMakeFiles/CMakeTmp

Run Build Command(s):/usr/bin/make cmTC_9760a/fast && make[1]: Entrando no diretório '/home/zampierilucas/CLionProjects/mmu_simulator/cmake-build-debug/CMakeFiles/CMakeTmp'

/usr/bin/make  -f CMakeFiles/cmTC_9760a.dir/build.make CMakeFiles/cmTC_9760a.dir/build
make[2]: Entrando no diretório '/home/zampierilucas/CLionProjects/mmu_simulator/cmake-build-debug/CMakeFiles/CMakeTmp'

Building C object CMakeFiles/cmTC_9760a.dir/CheckFunctionExists.c.o
/usr/bin/cc   -DCHECK_FUNCTION_EXISTS=pthread_create   -std=gnu99 -o CMakeFiles/cmTC_9760a.dir/CheckFunctionExists.c.o   -c /opt/clion/bin/cmake/linux/share/cmake-3.17/Modules/CheckFunctionExists.c
Linking C executable cmTC_9760a
/opt/clion/bin/cmake/linux/bin/cmake -E cmake_link_script CMakeFiles/cmTC_9760a.dir/link.txt --verbose=1
/usr/bin/cc  -DCHECK_FUNCTION_EXISTS=pthread_create    CMakeFiles/cmTC_9760a.dir/CheckFunctionExists.c.o  -o cmTC_9760a  -lpthreads 
/usr/bin/ld: não foi possível localizar -lpthreads
collect2: error: ld returned 1 exit status
make[2]: *** [CMakeFiles/cmTC_9760a.dir/build.make:107: cmTC_9760a] Erro 1
make[2]: Saindo do diretório '/home/zampierilucas/CLionProjects/mmu_simulator/cmake-build-debug/CMakeFiles/CMakeTmp'

make[1]: *** [Makefile:141: cmTC_9760a/fast] Erro 2
make[1]: Saindo do diretório '/home/zampierilucas/CLionProjects/mmu_simulator/cmake-build-debug/CMakeFiles/CMakeTmp'




